2023-05-08 15:36:37 [INFO] 초기화 필터 생성
2023-05-08 15:36:39 [INFO] 후처리 수행
2023-05-08 15:36:39 [INFO] View 처리 완료 후 수행
2023-05-08 15:36:39 [INFO] 후처리 수행
2023-05-08 15:36:39 [INFO] View 처리 완료 후 수행
2023-05-08 15:36:39 [INFO] 후처리 수행
2023-05-08 15:36:39 [INFO] View 처리 완료 후 수행
2023-05-08 15:36:39 [INFO] 후처리 수행
2023-05-08 15:36:39 [INFO] View 처리 완료 후 수행
2023-05-08 15:36:40 [INFO] 후처리 수행
2023-05-08 15:36:40 [INFO] View 처리 완료 후 수행
2023-05-08 15:36:40 [INFO] 후처리 수행
2023-05-08 15:36:40 [INFO] View 처리 완료 후 수행
2023-05-08 15:36:40 [INFO] 후처리 수행
2023-05-08 15:36:40 [INFO] View 처리 완료 후 수행
2023-05-08 15:36:40 [INFO] 후처리 수행
2023-05-08 15:36:40 [INFO] View 처리 완료 후 수행
2023-05-08 15:36:42 [INFO] 후처리 수행
2023-05-08 15:36:42 [INFO] View 처리 완료 후 수행
2023-05-08 15:36:42 [INFO] 후처리 수행
2023-05-08 15:36:42 [INFO] View 처리 완료 후 수행
2023-05-08 15:36:42 [INFO] 후처리 수행
2023-05-08 15:36:42 [INFO] View 처리 완료 후 수행
2023-05-08 15:36:42 [INFO] 후처리 수행
2023-05-08 15:36:42 [INFO] View 처리 완료 후 수행
2023-05-08 15:36:42 [INFO] 후처리 수행
2023-05-08 15:36:42 [INFO] View 처리 완료 후 수행
2023-05-08 15:36:42 [INFO] 후처리 수행
2023-05-08 15:36:42 [INFO] View 처리 완료 후 수행
2023-05-08 15:36:48 [INFO] 후처리 수행
2023-05-08 15:36:48 [INFO] View 처리 완료 후 수행
2023-05-08 15:36:48 [INFO] 후처리 수행
2023-05-08 15:36:48 [INFO] View 처리 완료 후 수행
2023-05-08 15:36:50 [INFO] 로그인 기능 수행됨
2023-05-08 15:36:50 [DEBUG] asd123 / $2a$10$dqbaAcQ1WTxyy9NgJ0123ej21VX7o4jB9KTfq0pJR1v7cOTc0NdiW
2023-05-08 15:36:50 [INFO] 후처리 수행
2023-05-08 15:36:50 [INFO] View 처리 완료 후 수행
2023-05-08 15:36:50 [INFO] 후처리 수행
2023-05-08 15:36:50 [INFO] View 처리 완료 후 수행
2023-05-08 15:36:51 [INFO] 후처리 수행
2023-05-08 15:36:51 [INFO] View 처리 완료 후 수행
2023-05-08 15:36:51 [INFO] 후처리 수행
2023-05-08 15:36:51 [INFO] View 처리 완료 후 수행
2023-05-08 15:37:46 [INFO] View 처리 완료 후 수행
2023-05-08 15:41:18 [INFO] 후처리 수행
2023-05-08 15:41:19 [INFO] View 처리 완료 후 수행
2023-05-08 15:41:19 [INFO] 후처리 수행
2023-05-08 15:41:19 [INFO] View 처리 완료 후 수행
2023-05-08 15:42:30 [INFO] 초기화 필터 파괴
2023-05-08 15:42:33 [INFO] 초기화 필터 생성
2023-05-08 15:57:08 [INFO] 초기화 필터 생성
2023-05-08 15:57:10 [INFO] 후처리 수행
2023-05-08 15:57:10 [INFO] View 처리 완료 후 수행
2023-05-08 15:57:10 [INFO] 후처리 수행
2023-05-08 15:57:10 [INFO] View 처리 완료 후 수행
2023-05-08 15:57:13 [INFO] 로그인 기능 수행됨
2023-05-08 15:57:13 [DEBUG] asd123 / $2a$10$BIhXg8oH6pcubL.Hmrux4uRZt.3hyvb7w9nRChKigkw0JlMGxAnGC
2023-05-08 15:57:13 [INFO] 후처리 수행
2023-05-08 15:57:13 [INFO] View 처리 완료 후 수행
2023-05-08 15:57:13 [INFO] 후처리 수행
2023-05-08 15:57:13 [INFO] View 처리 완료 후 수행
2023-05-08 15:57:14 [INFO] 후처리 수행
2023-05-08 15:57:14 [INFO] View 처리 완료 후 수행
2023-05-08 15:57:14 [INFO] 후처리 수행
2023-05-08 15:57:14 [INFO] View 처리 완료 후 수행
2023-05-08 15:57:15 [INFO] 후처리 수행
2023-05-08 15:57:15 [INFO] View 처리 완료 후 수행
2023-05-08 15:57:18 [INFO] 후처리 수행
2023-05-08 15:57:18 [INFO] View 처리 완료 후 수행
2023-05-08 15:57:23 [INFO] 후처리 수행
2023-05-08 15:57:23 [INFO] View 처리 완료 후 수행
2023-05-08 15:57:23 [INFO] 후처리 수행
2023-05-08 15:57:23 [INFO] View 처리 완료 후 수행
2023-05-08 15:57:24 [INFO] 후처리 수행
2023-05-08 15:57:24 [INFO] View 처리 완료 후 수행
2023-05-08 15:57:24 [INFO] 후처리 수행
2023-05-08 15:57:24 [INFO] View 처리 완료 후 수행
2023-05-08 15:57:35 [INFO] 후처리 수행
2023-05-08 15:57:35 [INFO] View 처리 완료 후 수행
2023-05-08 15:57:39 [INFO] 후처리 수행
2023-05-08 15:57:39 [INFO] View 처리 완료 후 수행
2023-05-08 15:57:39 [INFO] 후처리 수행
2023-05-08 15:57:39 [INFO] View 처리 완료 후 수행
2023-05-08 15:57:41 [INFO] 후처리 수행
2023-05-08 15:57:41 [INFO] View 처리 완료 후 수행
2023-05-08 15:57:41 [INFO] 후처리 수행
2023-05-08 15:57:41 [INFO] View 처리 완료 후 수행
2023-05-08 16:00:20 [INFO] 초기화 필터 생성
2023-05-08 16:00:22 [INFO] 후처리 수행
2023-05-08 16:00:22 [INFO] View 처리 완료 후 수행
2023-05-08 16:00:22 [INFO] 후처리 수행
2023-05-08 16:00:22 [INFO] View 처리 완료 후 수행
2023-05-08 16:00:25 [INFO] 후처리 수행
2023-05-08 16:00:25 [INFO] View 처리 완료 후 수행
2023-05-08 16:00:25 [INFO] 후처리 수행
2023-05-08 16:00:25 [INFO] View 처리 완료 후 수행
2023-05-08 16:00:26 [INFO] 후처리 수행
2023-05-08 16:00:26 [INFO] View 처리 완료 후 수행
2023-05-08 16:00:26 [INFO] 후처리 수행
2023-05-08 16:00:26 [INFO] View 처리 완료 후 수행
2023-05-08 16:00:30 [INFO] 로그인 기능 수행됨
2023-05-08 16:00:30 [DEBUG] asd123 / $2a$10$T.UP1FBfYW6psVJZf2JVu.OLS/MDNgWhTPZ9BtwmH9GpMY4/XqawW
2023-05-08 16:00:30 [INFO] 후처리 수행
2023-05-08 16:00:30 [INFO] View 처리 완료 후 수행
2023-05-08 16:00:30 [INFO] 후처리 수행
2023-05-08 16:00:30 [INFO] View 처리 완료 후 수행
2023-05-08 16:00:32 [INFO] 후처리 수행
2023-05-08 16:00:32 [INFO] View 처리 완료 후 수행
2023-05-08 16:00:32 [INFO] 후처리 수행
2023-05-08 16:00:32 [INFO] View 처리 완료 후 수행
2023-05-08 16:00:33 [INFO] 후처리 수행
2023-05-08 16:00:33 [INFO] View 처리 완료 후 수행
2023-05-08 16:00:35 [INFO] 후처리 수행
2023-05-08 16:00:35 [INFO] View 처리 완료 후 수행
2023-05-08 16:00:35 [INFO] 후처리 수행
2023-05-08 16:00:35 [INFO] View 처리 완료 후 수행
2023-05-08 16:00:36 [INFO] 후처리 수행
2023-05-08 16:00:36 [INFO] View 처리 완료 후 수행
2023-05-08 16:00:36 [INFO] 후처리 수행
2023-05-08 16:00:36 [INFO] View 처리 완료 후 수행
2023-05-08 19:43:41 [INFO] 초기화 필터 생성
2023-05-08 19:43:42 [INFO] 후처리 수행
2023-05-08 19:43:42 [INFO] View 처리 완료 후 수행
2023-05-08 19:43:43 [INFO] 후처리 수행
2023-05-08 19:43:43 [INFO] View 처리 완료 후 수행
2023-05-08 19:43:45 [INFO] 로그인 기능 수행됨
2023-05-08 19:43:46 [DEBUG] asd123 / $2a$10$S58uHIum8WgnHYvHzxPH8u75.swd.hlLvur4STwfSUM5NkWQGc7xy
2023-05-08 19:43:46 [INFO] 후처리 수행
2023-05-08 19:43:46 [INFO] View 처리 완료 후 수행
2023-05-08 19:43:46 [INFO] 후처리 수행
2023-05-08 19:43:46 [INFO] View 처리 완료 후 수행
2023-05-08 19:43:47 [INFO] 후처리 수행
2023-05-08 19:43:47 [INFO] View 처리 완료 후 수행
2023-05-08 19:43:47 [INFO] 후처리 수행
2023-05-08 19:43:47 [INFO] View 처리 완료 후 수행
2023-05-08 19:43:48 [INFO] 후처리 수행
2023-05-08 19:43:48 [INFO] View 처리 완료 후 수행
2023-05-08 19:43:51 [INFO] 후처리 수행
2023-05-08 19:43:51 [INFO] View 처리 완료 후 수행
2023-05-08 19:43:52 [INFO] 후처리 수행
2023-05-08 19:43:52 [INFO] View 처리 완료 후 수행
2023-05-08 19:43:52 [INFO] 후처리 수행
2023-05-08 19:43:52 [INFO] View 처리 완료 후 수행
2023-05-08 19:43:53 [INFO] 후처리 수행
2023-05-08 19:43:53 [INFO] View 처리 완료 후 수행
2023-05-08 19:43:53 [INFO] 후처리 수행
2023-05-08 19:43:53 [INFO] View 처리 완료 후 수행
2023-05-08 19:43:54 [INFO] 후처리 수행
2023-05-08 19:43:55 [INFO] View 처리 완료 후 수행
2023-05-08 19:43:55 [INFO] 후처리 수행
2023-05-08 19:43:55 [INFO] View 처리 완료 후 수행
2023-05-08 19:44:53 [INFO] View 처리 완료 후 수행
2023-05-08 19:48:03 [INFO] 후처리 수행
2023-05-08 19:48:03 [INFO] View 처리 완료 후 수행
2023-05-08 19:48:04 [INFO] 후처리 수행
2023-05-08 19:48:04 [INFO] View 처리 완료 후 수행
2023-05-08 19:48:04 [INFO] 후처리 수행
2023-05-08 19:48:04 [INFO] 후처리 수행
2023-05-08 19:48:04 [INFO] View 처리 완료 후 수행
2023-05-08 19:48:04 [INFO] View 처리 완료 후 수행
2023-05-08 19:48:04 [INFO] 후처리 수행
2023-05-08 19:48:04 [INFO] View 처리 완료 후 수행
2023-05-08 19:48:04 [INFO] 후처리 수행
2023-05-08 19:48:04 [INFO] View 처리 완료 후 수행
2023-05-08 19:48:04 [INFO] 후처리 수행
2023-05-08 19:48:04 [INFO] View 처리 완료 후 수행
2023-05-08 19:48:04 [INFO] 후처리 수행
2023-05-08 19:48:04 [INFO] View 처리 완료 후 수행
2023-05-08 19:48:18 [INFO] 후처리 수행
2023-05-08 19:48:18 [INFO] View 처리 완료 후 수행
2023-05-08 19:48:18 [INFO] 후처리 수행
2023-05-08 19:48:18 [INFO] View 처리 완료 후 수행
2023-05-08 19:48:18 [INFO] 후처리 수행
2023-05-08 19:48:18 [INFO] View 처리 완료 후 수행
2023-05-08 19:48:18 [INFO] 후처리 수행
2023-05-08 19:48:18 [INFO] View 처리 완료 후 수행
2023-05-08 19:48:18 [INFO] 후처리 수행
2023-05-08 19:48:18 [INFO] View 처리 완료 후 수행
2023-05-08 19:48:33 [INFO] 후처리 수행
2023-05-08 19:48:33 [INFO] View 처리 완료 후 수행
2023-05-08 19:48:33 [INFO] 후처리 수행
2023-05-08 19:48:33 [INFO] View 처리 완료 후 수행
2023-05-08 19:48:33 [INFO] 후처리 수행
2023-05-08 19:48:33 [INFO] View 처리 완료 후 수행
2023-05-08 19:48:33 [INFO] 후처리 수행
2023-05-08 19:48:33 [INFO] View 처리 완료 후 수행
2023-05-08 19:48:38 [INFO] 후처리 수행
2023-05-08 19:48:38 [INFO] View 처리 완료 후 수행
2023-05-08 19:48:38 [INFO] 후처리 수행
2023-05-08 19:48:38 [INFO] View 처리 완료 후 수행
2023-05-08 19:48:38 [INFO] 후처리 수행
2023-05-08 19:48:38 [INFO] View 처리 완료 후 수행
2023-05-08 19:48:38 [INFO] 후처리 수행
2023-05-08 19:48:38 [INFO] View 처리 완료 후 수행
2023-05-08 19:48:38 [INFO] 후처리 수행
2023-05-08 19:48:38 [INFO] View 처리 완료 후 수행
2023-05-08 19:48:38 [INFO] 후처리 수행
2023-05-08 19:48:38 [INFO] View 처리 완료 후 수행
2023-05-08 20:05:56 [INFO] 초기화 필터 생성
2023-05-08 20:05:57 [INFO] 후처리 수행
2023-05-08 20:05:57 [INFO] View 처리 완료 후 수행
2023-05-08 20:05:57 [INFO] 후처리 수행
2023-05-08 20:05:57 [INFO] View 처리 완료 후 수행
2023-05-08 20:05:59 [INFO] 로그인 기능 수행됨
2023-05-08 20:05:59 [DEBUG] asd123 / $2a$10$pJRRy9UOqb0RfIzNRNzF5uhUmX0gv8Q/wscrVytI87p7pe3b/.2Zq
2023-05-08 20:05:59 [INFO] 후처리 수행
2023-05-08 20:05:59 [INFO] View 처리 완료 후 수행
2023-05-08 20:05:59 [INFO] 후처리 수행
2023-05-08 20:05:59 [INFO] View 처리 완료 후 수행
2023-05-08 20:06:00 [INFO] 후처리 수행
2023-05-08 20:06:00 [INFO] View 처리 완료 후 수행
2023-05-08 20:06:00 [INFO] 후처리 수행
2023-05-08 20:06:00 [INFO] View 처리 완료 후 수행
2023-05-08 20:06:01 [INFO] 후처리 수행
2023-05-08 20:06:01 [INFO] View 처리 완료 후 수행
2023-05-08 20:06:01 [INFO] 후처리 수행
2023-05-08 20:06:01 [INFO] View 처리 완료 후 수행
2023-05-08 20:06:01 [INFO] 후처리 수행
2023-05-08 20:06:01 [INFO] View 처리 완료 후 수행
2023-05-08 20:06:01 [INFO] 후처리 수행
2023-05-08 20:06:01 [INFO] View 처리 완료 후 수행
2023-05-08 20:06:02 [INFO] 후처리 수행
2023-05-08 20:06:02 [INFO] View 처리 완료 후 수행
2023-05-08 20:06:06 [INFO] 후처리 수행
2023-05-08 20:06:06 [INFO] View 처리 완료 후 수행
2023-05-08 20:06:06 [INFO] 후처리 수행
2023-05-08 20:06:06 [INFO] View 처리 완료 후 수행
2023-05-08 20:06:06 [INFO] 후처리 수행
2023-05-08 20:06:06 [INFO] View 처리 완료 후 수행
2023-05-08 20:06:09 [INFO] 후처리 수행
2023-05-08 20:06:09 [INFO] View 처리 완료 후 수행
2023-05-08 20:06:10 [INFO] 후처리 수행
2023-05-08 20:06:10 [INFO] View 처리 완료 후 수행
2023-05-08 20:06:19 [INFO] 후처리 수행
2023-05-08 20:06:19 [INFO] View 처리 완료 후 수행
2023-05-08 20:06:19 [INFO] 후처리 수행
2023-05-08 20:06:19 [INFO] View 처리 완료 후 수행
2023-05-08 20:06:19 [INFO] 후처리 수행
2023-05-08 20:06:19 [INFO] View 처리 완료 후 수행
